<?xml version="1.0" encoding="UTF-8"?>
<!-- Generated by org.testng.reporters.JUnitReportReporter -->
<testsuite hostname="SingaravelanNandakumars-MacBook-Pro.local" name="co.bytemark.componenttests.ResetPinTests" tests="1" failures="0" timestamp="28 Mar 2018 13:30:28 GMT" time="3.620" errors="0">
  <testcase name="reset" time="3.620" classname="co.bytemark.componenttests.ResetPinTests"/>
</testsuite> <!-- co.bytemark.componenttests.ResetPinTests -->
